CRITICAL - 2022-06-07 01:05:26 --> Too few arguments to function CodeIgniter\Database\BaseConnection::table(), 0 passed in C:\xampp\htdocs\projects\payrollproject\app\Views\Site\Page\Home.php on line 14 and exactly 1 expected
in SYSTEMPATH\Database\BaseConnection.php on line 854.
 1 APPPATH\Views\Site\Page\Home.php(14): CodeIgniter\Database\BaseConnection->table()
 2 SYSTEMPATH\View\View.php(213): include('APPPATH\\Views\\Site\\Page\\Home.php')
 3 SYSTEMPATH\View\View.php(216): CodeIgniter\View\View->CodeIgniter\View\{closure}()
 4 SYSTEMPATH\Common.php(1135): CodeIgniter\View\View->render('site/page/home', [], true)
 5 APPPATH\Controllers\Site.php(9): view('site/page/home')
 6 SYSTEMPATH\CodeIgniter.php(898): App\Controllers\Site->index()
 7 SYSTEMPATH\CodeIgniter.php(468): CodeIgniter\CodeIgniter->runController(Object(App\Controllers\Site))
 8 SYSTEMPATH\CodeIgniter.php(351): CodeIgniter\CodeIgniter->handleRequest(null, Object(Config\Cache), false)
 9 FCPATH\index.php(55): CodeIgniter\CodeIgniter->run()
CRITICAL - 2022-06-07 01:10:43 --> Call to undefined method CodeIgniter\Database\MySQLi\Builder::getResultArray()
in APPPATH\Views\Site\Page\Home.php on line 16.
 1 SYSTEMPATH\View\View.php(213): include()
 2 SYSTEMPATH\View\View.php(216): CodeIgniter\View\View->CodeIgniter\View\{closure}()
 3 SYSTEMPATH\Common.php(1135): CodeIgniter\View\View->render('site/page/home', [], true)
 4 APPPATH\Controllers\Site.php(9): view('site/page/home')
 5 SYSTEMPATH\CodeIgniter.php(898): App\Controllers\Site->index()
 6 SYSTEMPATH\CodeIgniter.php(468): CodeIgniter\CodeIgniter->runController(Object(App\Controllers\Site))
 7 SYSTEMPATH\CodeIgniter.php(351): CodeIgniter\CodeIgniter->handleRequest(null, Object(Config\Cache), false)
 8 FCPATH\index.php(55): CodeIgniter\CodeIgniter->run()
CRITICAL - 2022-06-07 01:12:07 --> Undefined array key "email"
in APPPATH\Views\Site\Page\Home.php on line 21.
 1 APPPATH\Views\Site\Page\Home.php(21): CodeIgniter\Debug\Exceptions->errorHandler(2, 'Undefined array key "email"', 'APPPATH\\Views\\Site\\Page\\Home.php', 21)
 2 SYSTEMPATH\View\View.php(213): include('APPPATH\\Views\\Site\\Page\\Home.php')
 3 SYSTEMPATH\View\View.php(216): CodeIgniter\View\View->CodeIgniter\View\{closure}()
 4 SYSTEMPATH\Common.php(1135): CodeIgniter\View\View->render('site/page/home', [], true)
 5 APPPATH\Controllers\Site.php(9): view('site/page/home')
 6 SYSTEMPATH\CodeIgniter.php(898): App\Controllers\Site->index()
 7 SYSTEMPATH\CodeIgniter.php(468): CodeIgniter\CodeIgniter->runController(Object(App\Controllers\Site))
 8 SYSTEMPATH\CodeIgniter.php(351): CodeIgniter\CodeIgniter->handleRequest(null, Object(Config\Cache), false)
 9 FCPATH\index.php(55): CodeIgniter\CodeIgniter->run()
CRITICAL - 2022-06-07 01:30:54 --> Invalid file: default.php
in SYSTEMPATH\Exceptions\FrameworkException.php on line 33.
 1 SYSTEMPATH\View\View.php(201): CodeIgniter\Exceptions\FrameworkException::forInvalidFile('default.php')
 2 SYSTEMPATH\View\View.php(229): CodeIgniter\View\View->render('default', [], true)
 3 SYSTEMPATH\Common.php(1135): CodeIgniter\View\View->render('site/page/home', [], true)
 4 APPPATH\Controllers\Site.php(9): view('site/page/home')
 5 SYSTEMPATH\CodeIgniter.php(898): App\Controllers\Site->index()
 6 SYSTEMPATH\CodeIgniter.php(468): CodeIgniter\CodeIgniter->runController(Object(App\Controllers\Site))
 7 SYSTEMPATH\CodeIgniter.php(351): CodeIgniter\CodeIgniter->handleRequest(null, Object(Config\Cache), false)
 8 FCPATH\index.php(55): CodeIgniter\CodeIgniter->run()
